<?xml version="1.0" encoding="UTF-8"?>
<!-- Generated by org.testng.reporters.JUnitReportReporter -->
<testsuite hostname="ShilpiPC" name="com.walmart.test.FooterTest" tests="1" failures="0" timestamp="24 Mar 2015 17:43:32 GMT" time="26.822" errors="0">
  <testcase name="testFeedback" time="26.822" classname="com.walmart.test.FooterTest"/>
</testsuite> <!-- com.walmart.test.FooterTest -->
