<?xml version="1.0" encoding="UTF-8"?>
<!-- Generated by org.testng.reporters.JUnitReportReporter -->
<testsuite hostname="Shilpi-THINK" name="com.indeed.main.TestIndeedSearchPage" tests="2" failures="0" timestamp="5 May 2013 22:55:15 GMT" time="2924.807" errors="0">
  <testcase name="testTC1" time="1642.391" classname="com.indeed.main.TestIndeedSearchPage"/>
  <testcase name="testTC1" time="1282.416" classname="com.indeed.main.TestIndeedSearchPage"/>
</testsuite> <!-- com.indeed.main.TestIndeedSearchPage -->
